<?xml version="1.0" encoding="UTF-8"?>
<testsuite xmlns:xsi="http://www.w3.org/2001/XMLSchema-instance" xsi:noNamespaceSchemaLocation="https://maven.apache.org/surefire/maven-surefire-plugin/xsd/surefire-test-report-3.0.xsd" version="3.0" name="com.example.dummyjson.controller.HealthCheckControllerTest" time="1.985" tests="1" errors="0" skipped="0" failures="0">
  <properties>
[...]
</properties>
  <testcase name="testHealthCheck" classname="com.example.dummyjson.controller.HealthCheckControllerTest" time="0.632">
    <system-out><![CDATA[13:39:00.984 [main] INFO org.springframework.test.context.support.AnnotationConfigContextLoaderUtils -- Could not detect default configuration classes for test class [com.example.dummyjson.controller.HealthCheckControllerTest]: HealthCheckControllerTest does not declare any static, non-private, non-final, nested classes annotated with @Configuration.
13:39:01.063 [main] INFO org.springframework.boot.test.context.SpringBootTestContextBootstrapper -- Found @SpringBootConfiguration com.example.dummyjson.DummyJsonClientApplication for test class com.example.dummyjson.controller.HealthCheckControllerTest
13:39:01.144 [main] INFO org.springframework.boot.devtools.restart.RestartApplicationListener -- Restart disabled due to context in which it is running

  .   ____          _            __ _ _
 /\\ / ___'_ __ _ _(_)_ __  __ _ \ \ \ \
( ( )\___ | '_ | '_| | '_ \/ _` | \ \ \ \
 \\/  ___)| |_)| | | | | || (_| |  ) ) ) )
  '  |____| .__|_| |_|_| |_\__, | / / / /
 =========|_|==============|___/=/_/_/_/
 :: Spring Boot ::                (v3.2.5)

2025-03-13T13:39:01.299-03:00  INFO 27297 --- [           main] c.e.d.c.HealthCheckControllerTest        : Starting HealthCheckControllerTest using Java 17.0.9 with PID 27297 (started by rogerluciamferreirabraz in /Users/rogerluciamferreirabraz/Documents/GitHub/desafio_tecnico)
2025-03-13T13:39:01.300-03:00  INFO 27297 --- [           main] c.e.d.c.HealthCheckControllerTest        : No active profile set, falling back to 1 default profile: "default"
2025-03-13T13:39:01.713-03:00  INFO 27297 --- [           main] o.s.cloud.context.scope.GenericScope     : BeanFactory id=1defa85a-2dd8-3a29-9edf-7f617195073b
2025-03-13T13:39:02.227-03:00  INFO 27297 --- [           main] o.s.b.web.embedded.netty.NettyWebServer  : Netty started on port 51747
2025-03-13T13:39:02.237-03:00  INFO 27297 --- [           main] c.e.d.c.HealthCheckControllerTest        : Started HealthCheckControllerTest in 1.101 seconds (process running for 1.659)
2025-03-13T13:39:02.750-03:00 ERROR 27297 --- [           main] i.n.r.d.DnsServerAddressStreamProviders  : Unable to load io.netty.resolver.dns.macos.MacOSDnsServerAddressStreamProvider, fallback to system defaults. This may result in incorrect DNS resolutions on MacOS. Check whether you have a dependency on 'io.netty:netty-resolver-dns-native-macos'. Use DEBUG level to see the full stack: java.lang.UnsatisfiedLinkError: failed to load the required native library
]]></system-out>
  </testcase>
</testsuite>